[Jan 25 18:50:39] INFO   : Currently loaded monitors ->

Monitor 1 - Package id 0
Max temp: 84°C
Read: /sys/devices/platform/coretemp.0/hwmon/hwmon1/temp1_input
Max: /sys/devices/platform/coretemp.0/hwmon/hwmon1/temp1_max

Monitor 2 - Core 0
Max temp: 84°C
Read: /sys/devices/platform/coretemp.0/hwmon/hwmon1/temp2_input
Max: /sys/devices/platform/coretemp.0/hwmon/hwmon1/temp2_max

Monitor 3 - Core 1
Max temp: 84°C
Read: /sys/devices/platform/coretemp.0/hwmon/hwmon1/temp3_input
Max: /sys/devices/platform/coretemp.0/hwmon/hwmon1/temp3_max

Monitor 4 - Core 2
Max temp: 84°C
Read: /sys/devices/platform/coretemp.0/hwmon/hwmon1/temp4_input
Max: /sys/devices/platform/coretemp.0/hwmon/hwmon1/temp4_max

Monitor 5 - Core 3
Max temp: 84°C
Read: /sys/devices/platform/coretemp.0/hwmon/hwmon1/temp5_input
Max: /sys/devices/platform/coretemp.0/hwmon/hwmon1/temp5_max

[Jan 25 18:50:39] INFO   : Currently loaded fans ->

Fan 1 - Left side 
Min speed: 2160    Max speed: 6156    Step: 23
Read: /sys/devices/platform/applesmc.768/fan1_input
Write: /sys/devices/platform/applesmc.768/fan1_output
Mode: /sys/devices/platform/applesmc.768/fan1_manual
Min: /sys/devices/platform/applesmc.768/fan1_min
Max: /sys/devices/platform/applesmc.768/fan1_max

Fan 2 - Right side
Min speed: 2000    Max speed: 5700    Step: 21
Read: /sys/devices/platform/applesmc.768/fan2_input
Write: /sys/devices/platform/applesmc.768/fan2_output
Mode: /sys/devices/platform/applesmc.768/fan2_manual
Min: /sys/devices/platform/applesmc.768/fan2_min
Max: /sys/devices/platform/applesmc.768/fan2_max

[Jan 25 18:52:23] INFO   : Shutting down
